(SOD_env) user-511@z640:~/small_object_detect/Merged_Dataset$ python train_swin_yolo.py 
WARNING ⚠️ no model scale passed. Assuming scale='n'.
🧠 YOLOv8 몸통에 Swin Backbone(DINO) 이식 수술을 시작합니다...
✅ 수술 대성공! 완벽하게 결합되었습니다.
🔥 YOLOv8 파인튜닝을 시작합니다...
Ultralytics 8.4.21 🚀 Python-3.8.10 torch-2.4.1+cu118 CUDA:0 (Quadro P5000, 15238MiB)
                                                     CUDA:1 (Quadro P5000, 15246MiB)
engine/trainer: agnostic_nms=False, amp=True, angle=1.0, augment=False, auto_augment=randaugment, batch=32, bgr=0.0, box=7.5, cache=False, cfg=None, classes=None, close_mosaic=10, cls=0.5, compile=False, conf=None, copy_paste=0.0, copy_paste_mode=flip, cos_lr=False, cutmix=0.0, data=/home/user-511/small_object_detect/Merged_Dataset/data.yaml, degrees=0.0, deterministic=True, device=0,1, dfl=1.5, dnn=False, dropout=0.0, dynamic=False, embed=None, end2end=None, epochs=50, erasing=0.4, exist_ok=False, fliplr=0.5, flipud=0.0, format=torchscript, fraction=1.0, freeze=None, half=False, hsv_h=0.015, hsv_s=0.7, hsv_v=0.4, imgsz=224, int8=False, iou=0.7, keras=False, kobj=1.0, line_width=None, lr0=0.001, lrf=0.01, mask_ratio=4, max_det=300, mixup=0.0, mode=train, model=yolov8_swin.yaml, momentum=0.937, mosaic=1.0, multi_scale=0.0, name=train, nbs=64, nms=False, opset=None, optimize=False, optimizer=AdamW, overlap_mask=True, patience=100, perspective=0.0, plots=True, pose=12.0, pretrained=True, profile=False, project=None, rect=False, resume=False, retina_masks=False, rle=1.0, save=True, save_conf=False, save_crop=False, save_dir=/home/user-511/small_object_detect/Merged_Dataset/runs/detect/train, save_frames=False, save_json=False, save_period=-1, save_txt=False, scale=0.5, seed=0, shear=0.0, show=False, show_boxes=True, show_conf=True, show_labels=True, simplify=True, single_cls=False, source=None, split=val, stream_buffer=False, task=detect, time=None, tracker=botsort.yaml, translate=0.1, val=True, verbose=True, vid_stride=1, visualize=False, warmup_bias_lr=0.1, warmup_epochs=3.0, warmup_momentum=0.8, weight_decay=0.0005, workers=8, workspace=None
WARNING ⚠️ no model scale passed. Assuming scale='n'.

                   from  n    params  module                                       arguments                     
  0                  -1  1      5568  ultralytics.nn.modules.conv.Conv             [3, 192, 3, 2]                
  1                  -1  1    664320  ultralytics.nn.modules.conv.Conv             [192, 384, 3, 2]              
  2                  -1  1   2655744  ultralytics.nn.modules.conv.Conv             [384, 768, 3, 2]              
  3                  -1  1         0  torch.nn.modules.upsampling.Upsample         [None, 2, 'nearest']          
  4             [-1, 1]  1         0  ultralytics.nn.modules.conv.Concat           [1]                           
  5                  -1  3   2805504  ultralytics.nn.modules.block.C2f             [1152, 384, 3]                
  6                  -1  1         0  torch.nn.modules.upsampling.Upsample         [None, 2, 'nearest']          
  7             [-1, 0]  1         0  ultralytics.nn.modules.conv.Concat           [1]                           
  8                  -1  3    702336  ultralytics.nn.modules.block.C2f             [576, 192, 3]                 
  9                  -1  1    332160  ultralytics.nn.modules.conv.Conv             [192, 192, 3, 2]              
 10             [-1, 5]  1         0  ultralytics.nn.modules.conv.Concat           [1]                           
 11                  -1  3   2584320  ultralytics.nn.modules.block.C2f             [576, 384, 3]                 
 12                  -1  1   1327872  ultralytics.nn.modules.conv.Conv             [384, 384, 3, 2]              
 13             [-1, 2]  1         0  ultralytics.nn.modules.conv.Concat           [1]                           
 14                  -1  3  10329600  ultralytics.nn.modules.block.C2f             [1152, 768, 3]                
 15         [8, 11, 14]  1   4223854  ultralytics.nn.modules.head.Detect           [10, 16, None, [192, 384, 768]]
YOLOv8_swin summary: 112 layers, 25,631,278 parameters, 25,631,262 gradients, 916.2 GFLOPs

DDP: debug command /home/user-511/miniconda3/envs/SOD_env/bin/python -m torch.distributed.run --nproc_per_node 2 --master_port 42685 /home/user-511/.config/Ultralytics/DDP/_temp_j4meq37t140097110910672.py
Ultralytics 8.4.21 🚀 Python-3.8.10 torch-2.4.1+cu118 CUDA:0 (Quadro P5000, 15238MiB)
                                                     CUDA:1 (Quadro P5000, 15246MiB)
WARNING ⚠️ no model scale passed. Assuming scale='n'.
Freezing layer 'model.15.dfl.conv.weight'
AMP: running Automatic Mixed Precision (AMP) checks...
AMP: checks passed ✅
train: Fast image access ✅ (ping: 0.0±0.0 ms, read: 328.0±152.1 MB/s, size: 587.3 KB)
train: Scanning /home/user-511/small_object_detect/Merged_Dataset/labels/train.cache... 161381 images, 0 backgrounds, 0 corrupt: 100% ━━━━━━━━━━━━ 161381/161381 29.4Git/s 0.0s
val: Fast image access ✅ (ping: 0.0±0.0 ms, read: 655.3±144.1 MB/s, size: 694.1 KB)
val: Scanning /home/user-511/small_object_detect/Merged_Dataset/labels/val.cache... 10086 images, 0 backgrounds, 0 corrupt: 100% ━━━━━━━━━━━━ 10086/10086 900.1Mit/s 0.0s
optimizer: AdamW(lr=0.001, momentum=0.937) with parameter groups 49 weight(decay=0.0), 56 weight(decay=0.0005), 55 bias(decay=0.0)
Plotting labels to /home/user-511/small_object_detect/Merged_Dataset/runs/detect/train/labels.jpg... 
Image sizes 224 train, 224 val
Using 16 dataloader workers
Logging results to /home/user-511/small_object_detect/Merged_Dataset/runs/detect/train
Starting training for 50 epochs...

      Epoch    GPU_mem   box_loss   cls_loss   dfl_loss  Instances       Size
       1/50      5.84G      5.098      7.095      4.298         33        22       1/50      5.84G      5.034      7.017      4.285         36        22       1/50      5.84G       5.02      6.935      4.255         46        22       1/50      5.84G      5.084      6.898      4.222         38        22       1/50      5.84G      4.998      6.808       4.22         40        22       1/50      5.84G           1/50      5.85G      1.956      1.706      1.269          5        224: 100% ━━━━━━━━━━━━ 5044/5044 1.1s/it 1:29:21
                 Class     Images  Instances      Box(P          R      mAP50  mAP50-95): 100% ━━━━━━━━━━━━ 158/158 1.7it/s 1:31
                   all      10086      20647      0.676      0.583      0.641      0.377

      Epoch    GPU_mem   box_loss   cls_loss   dfl_loss  Instances       Size
       2/50      5.87G      1.379     0.9447      1.012          9        224: 100% ━━━━━━━━━━━━ 5044/5044 1.1s/it 1:28:51
                 Class     Images  Instances      Box(P          R      mAP50  mAP50-95): 100% ━━━━━━━━━━━━ 158/158 1.8it/s 1:30
                   all      10086      20647      0.781       0.69       0.76       0.49

      Epoch    GPU_mem   box_loss   cls_loss   dfl_loss  Instances       Size
       3/50      5.87G      1.256     0.8025     0.9696         10        224: 100% ━━━━━━━━━━━━ 5044/5044 1.1s/it 1:28:17
                 Class     Images  Instances      Box(P          R      mAP50  mAP50-95): 100% ━━━━━━━━━━━━ 158/158 1.8it/s 1:30
                   all      10086      20647      0.791      0.721      0.783      0.518

      Epoch    GPU_mem   box_loss   cls_loss   dfl_loss  Instances       Size
       4/50      5.87G      1.184     0.7307      0.949          6        224: 100% ━━━━━━━━━━━━ 5044/5044 1.1s/it 1:28:42
                 Class     Images  Instances      Box(P          R      mAP50  mAP50-95): 100% ━━━━━━━━━━━━ 158/158 1.8it/s 1:30
                   all      10086      20647      0.814       0.74      0.803       0.54

      Epoch    GPU_mem   box_loss   cls_loss   dfl_loss  Instances       Size
       5/50      5.87G      1.124      0.676     0.9303         13        224: 100% ━━━━━━━━━━━━ 5044/5044 1.0s/it 1:28:04
                 Class     Images  Instances      Box(P          R      mAP50  mAP50-95): 100% ━━━━━━━━━━━━ 158/158 1.8it/s 1:30
                   all      10086      20647      0.818      0.751      0.815      0.555

      Epoch    GPU_mem   box_loss   cls_loss   dfl_loss  Instances       Size
       6/50      5.87G      1.083     0.6412     0.9192          6        224: 100% ━━━━━━━━━━━━ 5044/5044 1.0s/it 1:28:00
                 Class     Images  Instances      Box(P          R      mAP50  mAP50-95): 100% ━━━━━━━━━━━━ 158/158 1.8it/s 1:30
                   all      10086      20647      0.832      0.749      0.823      0.562

      Epoch    GPU_mem   box_loss   cls_loss   dfl_loss  Instances       Size
       7/50      5.87G      1.054     0.6162     0.9116          9        224: 100% ━━━━━━━━━━━━ 5044/5044 1.0s/it 1:27:60
                 Class     Images  Instances      Box(P          R      mAP50  mAP50-95): 100% ━━━━━━━━━━━━ 158/158 1.8it/s 1:30
                   all      10086      20647      0.837      0.753      0.827      0.568

      Epoch    GPU_mem   box_loss   cls_loss   dfl_loss  Instances       Size
       8/50      5.87G       1.03     0.5978     0.9053          6        224: 100% ━━━━━━━━━━━━ 5044/5044 1.0s/it 1:27:59
                 Class     Images  Instances      Box(P          R      mAP50  mAP50-95): 100% ━━━━━━━━━━━━ 158/158 1.7it/s 1:30
                   all      10086      20647      0.839      0.756      0.829      0.573

      Epoch    GPU_mem   box_loss   cls_loss   dfl_loss  Instances       Size
       9/50      5.87G       1.01     0.5824     0.8997          5        224: 100% ━━━━━━━━━━━━ 5044/5044 1.0s/it 1:27:59
                 Class     Images  Instances      Box(P          R      mAP50  mAP50-95): 100% ━━━━━━━━━━━━ 158/158 1.7it/s 1:31
                   all      10086      20647      0.853       0.75      0.832      0.574

      Epoch    GPU_mem   box_loss   cls_loss   dfl_loss  Instances       Size
      10/50      5.87G     0.9913     0.5679     0.8951          4        224: 100% ━━━━━━━━━━━━ 5044/5044 1.0s/it 1:28:01
                 Class     Images  Instances      Box(P          R      mAP50  mAP50-95): 100% ━━━━━━━━━━━━ 158/158 1.7it/s 1:31
                   all      10086      20647      0.715      0.738      0.815      0.571

      Epoch    GPU_mem   box_loss   cls_loss   dfl_loss  Instances       Size
      11/50      5.87G     0.9787      0.558     0.8923          7        224: 100% ━━━━━━━━━━━━ 5044/5044 1.0s/it 1:27:58
                 Class     Images  Instances      Box(P          R      mAP50  mAP50-95): 100% ━━━━━━━━━━━━ 158/158 1.7it/s 1:31
                   all      10086      20647      0.773      0.733      0.824      0.579

      Epoch    GPU_mem   box_loss   cls_loss   dfl_loss  Instances       Size
      12/50      5.87G      0.966     0.5476     0.8885          7        224: 100% ━━━━━━━━━━━━ 5044/5044 1.0s/it 1:27:58
                 Class     Images  Instances      Box(P          R      mAP50  mAP50-95): 100% ━━━━━━━━━━━━ 158/158 1.8it/s 1:30
                   all      10086      20647      0.875      0.751       0.84      0.587

      Epoch    GPU_mem   box_loss   cls_loss   dfl_loss  Instances       Size
      13/50      5.87G      0.954      0.538      0.886          9        224: 100% ━━━━━━━━━━━━ 5044/5044 1.1s/it 1:28:24
                 Class     Images  Instances      Box(P          R      mAP50  mAP50-95): 100% ━━━━━━━━━━━━ 158/158 1.7it/s 1:31
                   all      10086      20647      0.855       0.77      0.843      0.594

      Epoch    GPU_mem   box_loss   cls_loss   dfl_loss  Instances       Size
      14/50      5.87G     0.9444     0.5318      0.884          6        224: 100% ━━━━━━━━━━━━ 5044/5044 1.1s/it 1:29:29
                 Class     Images  Instances      Box(P          R      mAP50  mAP50-95): 100% ━━━━━━━━━━━━ 158/158 1.7it/s 1:31
                   all      10086      20647      0.858      0.773      0.845      0.598

      Epoch    GPU_mem   box_loss   cls_loss   dfl_loss  Instances       Size
      15/50      5.87G     0.9312     0.5224     0.8805          9        224: 100% ━━━━━━━━━━━━ 5044/5044 1.1s/it 1:29:47
                 Class     Images  Instances      Box(P          R      mAP50  mAP50-95): 100% ━━━━━━━━━━━━ 158/158 1.7it/s 1:31
                   all      10086      20647      0.859      0.776      0.847      0.602

      Epoch    GPU_mem   box_loss   cls_loss   dfl_loss  Instances       Size
      16/50      5.87G     0.9244     0.5167     0.8784         12        224: 100% ━━━━━━━━━━━━ 5044/5044 1.1s/it 1:29:49
                 Class     Images  Instances      Box(P          R      mAP50  mAP50-95): 100% ━━━━━━━━━━━━ 158/158 1.7it/s 1:32
                   all      10086      20647      0.861      0.778      0.849      0.606

      Epoch    GPU_mem   box_loss   cls_loss   dfl_loss  Instances       Size
      17/50      5.87G     0.9186      0.512     0.8771          9        224: 100% ━━━━━━━━━━━━ 5044/5044 1.1s/it 1:28:48
                 Class     Images  Instances      Box(P          R      mAP50  mAP50-95): 100% ━━━━━━━━━━━━ 158/158 1.8it/s 1:30
                   all      10086      20647      0.868      0.778       0.85       0.61

      Epoch    GPU_mem   box_loss   cls_loss   dfl_loss  Instances       Size
      18/50      5.87G     0.9078     0.5047     0.8749          7        224: 100% ━━━━━━━━━━━━ 5044/5044 1.0s/it 1:28:12
                 Class     Images  Instances      Box(P          R      mAP50  mAP50-95): 100% ━━━━━━━━━━━━ 158/158 1.8it/s 1:30
                   all      10086      20647      0.869      0.781       0.85      0.614

      Epoch    GPU_mem   box_loss   cls_loss   dfl_loss  Instances       Size
      19/50      5.87G     0.9016     0.5006     0.8727         10        224: 100% ━━━━━━━━━━━━ 5044/5044 1.0s/it 1:28:05
                 Class     Images  Instances      Box(P          R      mAP50  mAP50-95): 100% ━━━━━━━━━━━━ 158/158 1.8it/s 1:30
                   all      10086      20647      0.868      0.783      0.851      0.617

      Epoch    GPU_mem   box_loss   cls_loss   dfl_loss  Instances       Size
      20/50      5.87G     0.8933     0.4948     0.8721         11        224: 100% ━━━━━━━━━━━━ 5044/5044 1.0s/it 1:28:01
                 Class     Images  Instances      Box(P          R      mAP50  mAP50-95): 100% ━━━━━━━━━━━━ 158/158 1.7it/s 1:30
                   all      10086      20647      0.873      0.781      0.851       0.62

      Epoch    GPU_mem   box_loss   cls_loss   dfl_loss  Instances       Size
      21/50      5.87G     0.8858     0.4899     0.8693         12        224: 100% ━━━━━━━━━━━━ 5044/5044 1.0s/it 1:28:05
                 Class     Images  Instances      Box(P          R      mAP50  mAP50-95): 100% ━━━━━━━━━━━━ 158/158 1.8it/s 1:30
                   all      10086      20647      0.872      0.782      0.852      0.622

      Epoch    GPU_mem   box_loss   cls_loss   dfl_loss  Instances       Size
      22/50      5.87G     0.8817     0.4872     0.8684          8        224: 100% ━━━━━━━━━━━━ 5044/5044 1.0s/it 1:28:04
                 Class     Images  Instances      Box(P          R      mAP50  mAP50-95): 100% ━━━━━━━━━━━━ 158/158 1.8it/s 1:30
                   all      10086      20647      0.871      0.782      0.853      0.626

      Epoch    GPU_mem   box_loss   cls_loss   dfl_loss  Instances       Size
      23/50      5.87G      0.874     0.4833     0.8667          9        224: 100% ━━━━━━━━━━━━ 5044/5044 1.0s/it 1:28:04
                 Class     Images  Instances      Box(P          R      mAP50  mAP50-95): 100% ━━━━━━━━━━━━ 158/158 1.7it/s 1:31
                   all      10086      20647      0.873      0.783      0.853      0.628

      Epoch    GPU_mem   box_loss   cls_loss   dfl_loss  Instances       Size
      24/50      5.87G     0.8668     0.4783     0.8652          7        224: 100% ━━━━━━━━━━━━ 5044/5044 1.0s/it 1:28:05
                 Class     Images  Instances      Box(P          R      mAP50  mAP50-95): 100% ━━━━━━━━━━━━ 158/158 1.8it/s 1:30
                   all      10086      20647      0.872      0.784      0.854      0.629

      Epoch    GPU_mem   box_loss   cls_loss   dfl_loss  Instances       Size
      25/50      5.87G     0.8667     0.4779     0.8654          5        224: 100% ━━━━━━━━━━━━ 5044/5044 1.0s/it 1:28:01
                 Class     Images  Instances      Box(P          R      mAP50  mAP50-95): 100% ━━━━━━━━━━━━ 158/158 1.8it/s 1:30
                   all      10086      20647       0.87      0.785      0.854       0.63

      Epoch    GPU_mem   box_loss   cls_loss   dfl_loss  Instances       Size
      26/50      5.87G     0.8602      0.473     0.8636          6        224: 100% ━━━━━━━━━━━━ 5044/5044 1.0s/it 1:28:02
                 Class     Images  Instances      Box(P          R      mAP50  mAP50-95): 100% ━━━━━━━━━━━━ 158/158 1.8it/s 1:30
                   all      10086      20647      0.868      0.786      0.855       0.63

      Epoch    GPU_mem   box_loss   cls_loss   dfl_loss  Instances       Size
      27/50      5.87G      0.857     0.4698     0.8639         10        224: 100% ━━━━━━━━━━━━ 5044/5044 1.0s/it 1:28:00
                 Class     Images  Instances      Box(P          R      mAP50  mAP50-95): 100% ━━━━━━━━━━━━ 158/158 1.8it/s 1:30
                   all      10086      20647      0.865       0.79      0.857      0.632

      Epoch    GPU_mem   box_loss   cls_loss   dfl_loss  Instances       Size
      28/50      5.87G     0.8498     0.4667     0.8623          4        224: 100% ━━━━━━━━━━━━ 5044/5044 1.0s/it 1:28:04
                 Class     Images  Instances      Box(P          R      mAP50  mAP50-95): 100% ━━━━━━━━━━━━ 158/158 1.8it/s 1:30
                   all      10086      20647       0.87      0.787      0.857      0.633

      Epoch    GPU_mem   box_loss   cls_loss   dfl_loss  Instances       Size
      29/50      5.87G     0.8456     0.4629     0.8607          8        224: 100% ━━━━━━━━━━━━ 5044/5044 1.0s/it 1:28:07
                 Class     Images  Instances      Box(P          R      mAP50  mAP50-95): 100% ━━━━━━━━━━━━ 158/158 1.8it/s 1:30
                   all      10086      20647      0.866      0.789      0.857      0.635

      Epoch    GPU_mem   box_loss   cls_loss   dfl_loss  Instances       Size
      30/50      5.87G     0.8402     0.4612     0.8591          9        224: 100% ━━━━━━━━━━━━ 5044/5044 1.0s/it 1:28:13
                 Class     Images  Instances      Box(P          R      mAP50  mAP50-95): 100% ━━━━━━━━━━━━ 158/158 1.8it/s 1:30
                   all      10086      20647      0.867      0.791      0.858      0.636

      Epoch    GPU_mem   box_loss   cls_loss   dfl_loss  Instances       Size
      31/50      5.87G     0.8368     0.4581     0.8591          5        224: 100% ━━━━━━━━━━━━ 5044/5044 1.1s/it 1:28:23
                 Class     Images  Instances      Box(P          R      mAP50  mAP50-95): 100% ━━━━━━━━━━━━ 158/158 1.7it/s 1:30
                   all      10086      20647      0.867      0.791      0.858      0.638

      Epoch    GPU_mem   box_loss   cls_loss   dfl_loss  Instances       Size
      32/50      5.87G     0.8332     0.4566     0.8581          8        224: 100% ━━━━━━━━━━━━ 5044/5044 1.1s/it 1:28:29
                 Class     Images  Instances      Box(P          R      mAP50  mAP50-95): 100% ━━━━━━━━━━━━ 158/158 1.8it/s 1:30
                   all      10086      20647       0.87       0.79      0.858      0.637

      Epoch    GPU_mem   box_loss   cls_loss   dfl_loss  Instances       Size
      33/50      5.87G     0.8281     0.4521     0.8565          6        224: 100% ━━━━━━━━━━━━ 5044/5044 1.1s/it 1:28:27
                 Class     Images  Instances      Box(P          R      mAP50  mAP50-95): 100% ━━━━━━━━━━━━ 158/158 1.8it/s 1:30
                   all      10086      20647      0.868       0.79      0.857      0.637

      Epoch    GPU_mem   box_loss   cls_loss   dfl_loss  Instances       Size
      34/50      5.87G     0.8231     0.4473     0.8568          8        224: 100% ━━━━━━━━━━━━ 5044/5044 1.1s/it 1:28:17
                 Class     Images  Instances      Box(P          R      mAP50  mAP50-95): 100% ━━━━━━━━━━━━ 158/158 1.8it/s 1:30
                   all      10086      20647      0.871       0.79      0.858      0.638

      Epoch    GPU_mem   box_loss   cls_loss   dfl_loss  Instances       Size
      35/50      5.87G     0.8175     0.4452     0.8545         10        224: 100% ━━━━━━━━━━━━ 5044/5044 1.0s/it 1:28:15
                 Class     Images  Instances      Box(P          R      mAP50  mAP50-95): 100% ━━━━━━━━━━━━ 158/158 1.8it/s 1:30
                   all      10086      20647      0.873      0.789      0.858      0.638

      Epoch    GPU_mem   box_loss   cls_loss   dfl_loss  Instances       Size
      36/50      5.87G     0.8187     0.4446     0.8544          6        224: 100% ━━━━━━━━━━━━ 5044/5044 1.0s/it 1:28:12
                 Class     Images  Instances      Box(P          R      mAP50  mAP50-95): 100% ━━━━━━━━━━━━ 158/158 1.8it/s 1:30
                   all      10086      20647      0.905      0.757      0.858      0.639

      Epoch    GPU_mem   box_loss   cls_loss   dfl_loss  Instances       Size
      37/50      5.87G     0.8129     0.4416     0.8542          9        224: 100% ━━━━━━━━━━━━ 5044/5044 1.0s/it 1:28:10
                 Class     Images  Instances      Box(P          R      mAP50  mAP50-95): 100% ━━━━━━━━━━━━ 158/158 1.8it/s 1:30
                   all      10086      20647      0.912      0.736      0.858      0.638

      Epoch    GPU_mem   box_loss   cls_loss   dfl_loss  Instances       Size
      38/50      5.87G     0.8083     0.4396     0.8533          9        224: 100% ━━━━━━━━━━━━ 5044/5044 1.0s/it 1:28:08
                 Class     Images  Instances      Box(P          R      mAP50  mAP50-95): 100% ━━━━━━━━━━━━ 158/158 1.8it/s 1:30
                   all      10086      20647      0.895      0.733      0.857      0.638

      Epoch    GPU_mem   box_loss   cls_loss   dfl_loss  Instances       Size
      39/50      5.87G     0.8049     0.4369      0.852          5        224: 100% ━━━━━━━━━━━━ 5044/5044 1.0s/it 1:28:12
                 Class     Images  Instances      Box(P          R      mAP50  mAP50-95): 100% ━━━━━━━━━━━━ 158/158 1.8it/s 1:30
                   all      10086      20647      0.891      0.722      0.857      0.639

      Epoch    GPU_mem   box_loss   cls_loss   dfl_loss  Instances       Size
      40/50      5.87G     0.8032     0.4346     0.8526          5        224: 100% ━━━━━━━━━━━━ 5044/5044 1.0s/it 1:28:10
                 Class     Images  Instances      Box(P          R      mAP50  mAP50-95): 100% ━━━━━━━━━━━━ 158/158 1.8it/s 1:30
                   all      10086      20647      0.886      0.719      0.857       0.64
Closing dataloader mosaic

      Epoch    GPU_mem   box_loss   cls_loss   dfl_loss  Instances       Size
      41/50      5.87G     0.7835      0.415     0.8474          3        224: 100% ━━━━━━━━━━━━ 5044/5044 1.0s/it 1:27:59
                 Class     Images  Instances      Box(P          R      mAP50  mAP50-95): 100% ━━━━━━━━━━━━ 158/158 1.8it/s 1:30
                   all      10086      20647      0.893      0.718      0.857      0.641

      Epoch    GPU_mem   box_loss   cls_loss   dfl_loss  Instances       Size
      42/50      5.87G     0.7761     0.4119     0.8457          6        224: 100% ━━━━━━━━━━━━ 5044/5044 1.0s/it 1:27:58
                 Class     Images  Instances      Box(P          R      mAP50  mAP50-95): 100% ━━━━━━━━━━━━ 158/158 1.8it/s 1:30
                   all      10086      20647        0.9       0.72      0.859      0.643

      Epoch    GPU_mem   box_loss   cls_loss   dfl_loss  Instances       Size
      43/50      5.87G     0.7727     0.4085     0.8449          6        224: 100% ━━━━━━━━━━━━ 5044/5044 1.0s/it 1:27:56
                 Class     Images  Instances      Box(P          R      mAP50  mAP50-95): 100% ━━━━━━━━━━━━ 158/158 1.8it/s 1:30
                   all      10086      20647      0.893      0.746      0.862      0.645

      Epoch    GPU_mem   box_loss   cls_loss   dfl_loss  Instances       Size
      44/50      5.87G     0.7697     0.4072     0.8448          6        224: 100% ━━━━━━━━━━━━ 5044/5044 1.0s/it 1:27:58
                 Class     Images  Instances      Box(P          R      mAP50  mAP50-95): 100% ━━━━━━━━━━━━ 158/158 1.8it/s 1:30
                   all      10086      20647      0.888      0.767      0.863      0.647

      Epoch    GPU_mem   box_loss   cls_loss   dfl_loss  Instances       Size
      45/50      5.87G     0.7654     0.4034     0.8432          6        224: 100% ━━━━━━━━━━━━ 5044/5044 1.0s/it 1:27:58
                 Class     Images  Instances      Box(P          R      mAP50  mAP50-95): 100% ━━━━━━━━━━━━ 158/158 1.8it/s 1:30
                   all      10086      20647      0.882      0.789      0.864      0.649

      Epoch    GPU_mem   box_loss   cls_loss   dfl_loss  Instances       Size
      46/50      5.87G     0.7604     0.4018     0.8433          5        224: 100% ━━━━━━━━━━━━ 5044/5044 1.0s/it 1:28:06
                 Class     Images  Instances      Box(P          R      mAP50  mAP50-95): 100% ━━━━━━━━━━━━ 158/158 1.8it/s 1:30
                   all      10086      20647      0.877      0.795      0.865      0.653

      Epoch    GPU_mem   box_loss   cls_loss   dfl_loss  Instances       Size
      47/50      5.87G      0.758     0.4009     0.8413          3        224: 100% ━━━━━━━━━━━━ 5044/5044 1.0s/it 1:28:15
                 Class     Images  Instances      Box(P          R      mAP50  mAP50-95): 100% ━━━━━━━━━━━━ 158/158 1.8it/s 1:30
                   all      10086      20647      0.875      0.797      0.864      0.654

      Epoch    GPU_mem   box_loss   cls_loss   dfl_loss  Instances       Size
      48/50      5.87G     0.7542     0.3977     0.8414          9        224: 100% ━━━━━━━━━━━━ 5044/5044 1.1s/it 1:28:28
                 Class     Images  Instances      Box(P          R      mAP50  mAP50-95): 100% ━━━━━━━━━━━━ 158/158 1.8it/s 1:30
                   all      10086      20647      0.877      0.796      0.864      0.654

      Epoch    GPU_mem   box_loss   cls_loss   dfl_loss  Instances       Size
      49/50      5.87G     0.7508     0.3952     0.8408          5        224: 100% ━━━━━━━━━━━━ 5044/5044 1.1s/it 1:28:21
                 Class     Images  Instances      Box(P          R      mAP50  mAP50-95): 100% ━━━━━━━━━━━━ 158/158 1.8it/s 1:30
                   all      10086      20647      0.876      0.796      0.865      0.655

      Epoch    GPU_mem   box_loss   cls_loss   dfl_loss  Instances       Size
      50/50      5.87G     0.7465     0.3935     0.8403          6        224: 100% ━━━━━━━━━━━━ 5044/5044 1.0s/it 1:28:13
                 Class     Images  Instances      Box(P          R      mAP50  mAP50-95): 100% ━━━━━━━━━━━━ 158/158 1.8it/s 1:30
                   all      10086      20647      0.877      0.796      0.865      0.656

50 epochs completed in 74.858 hours.
Optimizer stripped from /home/user-511/small_object_detect/Merged_Dataset/runs/detect/train/weights/last.pt, 51.5MB
Optimizer stripped from /home/user-511/small_object_detect/Merged_Dataset/runs/detect/train/weights/best.pt, 51.5MB

Validating /home/user-511/small_object_detect/Merged_Dataset/runs/detect/train/weights/best.pt...
YOLOv8_swin summary (fused): 63 layers, 25,619,182 parameters, 0 gradients, 913.5 GFLOPs
                 Class     Images  Instances      Box(P          R      mAP50  mAP50-95): 100% ━━━━━━━━━━━━ 158/158 1.7it/s 1:32
                   all      10086      20647      0.877      0.796      0.865      0.656
          Fishing_Boat       3991       4257      0.881      0.964      0.978       0.76
         Merchant_Ship       1251       1259      0.976      0.987      0.994      0.839
               Warship       3559       3982      0.909      0.947      0.978      0.794
                Person        439        547      0.631       0.36      0.416      0.175
                  Bird        758        782      0.689      0.582      0.656       0.29
            Fixed_Wing       3519       4210      0.906      0.929      0.977      0.756
           Rotary_Wing       1259       1360      0.974      0.996      0.995      0.865
                   UAV       2543       2875      0.825      0.893       0.94      0.638
               Leaflet        692        692      0.986      0.303      0.723      0.526
            Trash_Bomb        683        683      0.993          1      0.995      0.912
Speed: 0.0ms preprocess, 7.5ms inference, 0.0ms loss, 0.4ms postprocess per image
Results saved to /home/user-511/small_object_detect/Merged_Dataset/runs/detect/train
